<?xml version="1.0" encoding="UTF-8"?>
<testng-results ignored="0" total="0" passed="0" failed="0" skipped="0">
  <reporter-output>
  </reporter-output>
  <suite started-at="2023-04-02T19:03:42 IST" name="paytm.assignment.ListTest" finished-at="2023-04-02T19:03:42 IST" duration-ms="10">
    <groups>
    </groups>
    <test started-at="2023-04-02T19:03:42 IST" name="Command line test" finished-at="2023-04-02T19:03:42 IST" duration-ms="10">
    </test> <!-- Command line test -->
  </suite> <!-- paytm.assignment.ListTest -->
</testng-results>
